<?xml version="1.0" encoding="UTF-8"?>
<!-- Generated by org.testng.reporters.JUnitXMLReporter -->
<testsuite hostname="owners-MBP" ignored="0" name="Default test" tests="1" failures="1" timestamp="10 May 2022 05:21:59 GMT" time="4.055" errors="0">
  <testcase name="runScenario" time="3.822" classname="io.cucumber.testng.AbstractTestNGCucumberTests">
    <failure type="java.lang.IllegalArgumentException" message="Keys to send should be a not null CharSequence">
      <![CDATA[java.lang.IllegalArgumentException: Keys to send should be a not null CharSequence
at org.openqa.selenium.remote.RemoteWebElement.sendKeys(RemoteWebElement.java:93)
at com.Amazon.FrameWork.steps.AmazonSearch.i_am_on_the_amazon_homepage(AmazonSearch.java:30)
at ✽.I am on the amazon homepage(file:///Users/owner/eclipse-workspace/AmazonFrameWork/Features/Amazon.feature:5)
]]>
    </failure>
  </testcase> <!-- runScenario -->
</testsuite> <!-- Default test -->
