<?xml version="1.0" encoding="UTF-8"?>
<testng-results ignored="0" total="1" passed="0" failed="1" skipped="0">
  <reporter-output>
  </reporter-output>
  <suite started-at="2022-05-12T18:44:30 EDT" name="Suite1" finished-at="2022-05-12T18:44:36 EDT" duration-ms="5288">
    <groups>
      <group name="cucumber">
        <method signature="AbstractTestNGCucumberTests.runScenario(io.cucumber.testng.PickleWrapper,io.cucumber.testng.FeatureWrapper)[pri:0, instance:com.Amazon.FrameWork.runners.TestRunner@b62fe6d]" name="runScenario" class="io.cucumber.testng.AbstractTestNGCucumberTests"/>
      </group> <!-- cucumber -->
    </groups>
    <test started-at="2022-05-12T18:44:30 EDT" name="com.Amazon.FrameWork.runners" finished-at="2022-05-12T18:44:36 EDT" duration-ms="5288">
      <class name="com.Amazon.FrameWork.runners.TestRunner">
        <test-method is-config="true" signature="setUpClass(org.testng.ITestContext)[pri:0, instance:com.Amazon.FrameWork.runners.TestRunner@b62fe6d]" started-at="2022-05-12T18:44:31 EDT" name="setUpClass" finished-at="2022-05-12T18:44:31 EDT" duration-ms="147" status="PASS">
          <params>
            <param index="0">
              <value>
                <![CDATA[org.testng.TestRunner@3be4f71]]>
              </value>
            </param>
          </params>
          <reporter-output>
          </reporter-output>
        </test-method> <!-- setUpClass -->
        <test-method signature="runScenario(io.cucumber.testng.PickleWrapper,io.cucumber.testng.FeatureWrapper)[pri:0, instance:com.Amazon.FrameWork.runners.TestRunner@b62fe6d]" started-at="2022-05-12T18:44:31 EDT" name="runScenario" description="Runs Cucumber Scenarios" data-provider="scenarios" finished-at="2022-05-12T18:44:36 EDT" duration-ms="5078" status="FAIL">
          <params>
            <param index="0">
              <value>
                <![CDATA["amazon search - samsung galaxy"]]>
              </value>
            </param>
            <param index="1">
              <value>
                <![CDATA["Optional[google search - amazon search]"]]>
              </value>
            </param>
          </params>
          <exception class="org.openqa.selenium.NoSuchWindowException">
            <message>
              <![CDATA[no such window: target window already closed
from unknown error: web view not found
  (Session info: chrome=101.0.4951.64)
Build info: version: '3.141.59', revision: 'e82be7d358', time: '2018-11-14T08:17:03'
System info: host: 'owners-MacBook-Pro.local', ip: 'fe80:0:0:0:859:5778:cc59:b992%en0', os.name: 'Mac OS X', os.arch: 'x86_64', os.version: '12.3.1', java.version: '18.0.1.1'
Driver info: org.openqa.selenium.chrome.ChromeDriver
Capabilities {acceptInsecureCerts: false, browserName: chrome, browserVersion: 101.0.4951.64, chrome: {chromedriverVersion: 101.0.4951.41 (93c720db8323..., userDataDir: /var/folders/wr/w7yxfp4j3_5...}, goog:chromeOptions: {debuggerAddress: localhost:51004}, javascriptEnabled: true, networkConnectionEnabled: false, pageLoadStrategy: normal, platform: MAC, platformName: MAC, proxy: Proxy(), setWindowRect: true, strictFileInteractability: false, timeouts: {implicit: 0, pageLoad: 300000, script: 30000}, unhandledPromptBehavior: dismiss and notify, webauthn:extension:credBlob: true, webauthn:extension:largeBlob: true, webauthn:virtualAuthenticators: true}
Session ID: 300fd724f41b79812ae33a16c7bf14d7]]>
            </message>
            <full-stacktrace>
              <![CDATA[org.openqa.selenium.NoSuchWindowException: no such window: target window already closed
from unknown error: web view not found
  (Session info: chrome=101.0.4951.64)
Build info: version: '3.141.59', revision: 'e82be7d358', time: '2018-11-14T08:17:03'
System info: host: 'owners-MacBook-Pro.local', ip: 'fe80:0:0:0:859:5778:cc59:b992%en0', os.name: 'Mac OS X', os.arch: 'x86_64', os.version: '12.3.1', java.version: '18.0.1.1'
Driver info: org.openqa.selenium.chrome.ChromeDriver
Capabilities {acceptInsecureCerts: false, browserName: chrome, browserVersion: 101.0.4951.64, chrome: {chromedriverVersion: 101.0.4951.41 (93c720db8323..., userDataDir: /var/folders/wr/w7yxfp4j3_5...}, goog:chromeOptions: {debuggerAddress: localhost:51004}, javascriptEnabled: true, networkConnectionEnabled: false, pageLoadStrategy: normal, platform: MAC, platformName: MAC, proxy: Proxy(), setWindowRect: true, strictFileInteractability: false, timeouts: {implicit: 0, pageLoad: 300000, script: 30000}, unhandledPromptBehavior: dismiss and notify, webauthn:extension:credBlob: true, webauthn:extension:largeBlob: true, webauthn:virtualAuthenticators: true}
Session ID: 300fd724f41b79812ae33a16c7bf14d7
at java.base/jdk.internal.reflect.DirectConstructorHandleAccessor.newInstance(DirectConstructorHandleAccessor.java:67)
at java.base/java.lang.reflect.Constructor.newInstanceWithCaller(Constructor.java:499)
at java.base/java.lang.reflect.Constructor.newInstance(Constructor.java:483)
at org.openqa.selenium.remote.http.W3CHttpResponseCodec.createException(W3CHttpResponseCodec.java:187)
at org.openqa.selenium.remote.http.W3CHttpResponseCodec.decode(W3CHttpResponseCodec.java:122)
at org.openqa.selenium.remote.http.W3CHttpResponseCodec.decode(W3CHttpResponseCodec.java:49)
at org.openqa.selenium.remote.HttpCommandExecutor.execute(HttpCommandExecutor.java:158)
at org.openqa.selenium.remote.service.DriverCommandExecutor.execute(DriverCommandExecutor.java:83)
at org.openqa.selenium.remote.RemoteWebDriver.execute(RemoteWebDriver.java:552)
at org.openqa.selenium.remote.RemoteWebDriver.execute(RemoteWebDriver.java:609)
at org.openqa.selenium.remote.RemoteWebDriver$RemoteWebDriverOptions$RemoteWindow.maximize(RemoteWebDriver.java:837)
at com.Amazon.FrameWork.steps.AmazonSearch.i_am_on_the_amazon_homepage(AmazonSearch.java:24)
at ✽.I am on the amazon homepage(file:///Users/owner/eclipse-workspace/AmazonFrameWork/Features/Amazon.feature:5)
]]>
            </full-stacktrace>
          </exception> <!-- org.openqa.selenium.NoSuchWindowException -->
          <reporter-output>
          </reporter-output>
        </test-method> <!-- runScenario -->
        <test-method is-config="true" signature="tearDownClass()[pri:0, instance:com.Amazon.FrameWork.runners.TestRunner@b62fe6d]" started-at="2022-05-12T18:44:36 EDT" name="tearDownClass" finished-at="2022-05-12T18:44:36 EDT" duration-ms="25" status="PASS">
          <reporter-output>
          </reporter-output>
        </test-method> <!-- tearDownClass -->
      </class> <!-- com.Amazon.FrameWork.runners.TestRunner -->
    </test> <!-- com.Amazon.FrameWork.runners -->
  </suite> <!-- Suite1 -->
</testng-results>
